<?xml version="1.0" encoding="UTF-8"?>
<robot generator="Rebot 4.1.2 (Python 3.9.7 on darwin)" generated="20230501 17:32:22.826" rpa="false" schemaversion="2">
<suite id="s1" name="CloudGrid" source="/Users/applemacbook_pro/Desktop/Junk/Push/Push2/parallel-testing-with-robot-framework/Tests/CloudGrid">
<suite id="s1-s1" name="Test Sel Playground" source="/Users/applemacbook_pro/Desktop/Junk/Push/Push2/parallel-testing-with-robot-framework/Tests/CloudGrid/test_sel_playground.robot">
<test id="s1-s1-t1" name="Example 2: [Playground] Parallel Testing with Robot framework">
<kw name="Open test browser" library="Common">
<arg>${site_url}</arg>
<arg>${BROWSER}</arg>
<arg>${CAPABILITIES}</arg>
<kw name="Open Browser" library="SeleniumLibrary">
<arg>${TEST_URL}</arg>
<arg>${BROWSER}</arg>
<arg>remote_url=${REMOTE_URL}</arg>
<arg>desired_capabilities=${CAPABILITIES}</arg>
<doc>Opens a new browser instance to the optional ``url``.</doc>
<msg timestamp="20230501 17:30:16.972" level="INFO">Opening browser 'Firefox' to base url 'https://www.lambdatest.com/selenium-playground/' through remote server at 'http://himanshujlambdatest:Ia1MiqNfciCXfnPI8oWs6PL7u0bZ2NRqXd1nkB3HpzICma13D6@hub.lambdatest.com/wd/hub'.</msg>
<status status="PASS" starttime="20230501 17:30:16.971" endtime="20230501 17:30:47.293"/>
</kw>
<timeout value="50 minutes"/>
<status status="PASS" starttime="20230501 17:30:16.970" endtime="20230501 17:30:47.294"/>
</kw>
<kw name="Maximize Browser Window" library="SeleniumLibrary">
<doc>Maximizes current browser window.</doc>
<status status="PASS" starttime="20230501 17:30:47.295" endtime="20230501 17:30:51.745"/>
</kw>
<kw name="Sleep" library="BuiltIn">
<arg>3s</arg>
<doc>Pauses the test executed for the given time.</doc>
<msg timestamp="20230501 17:30:54.748" level="INFO">Slept 3 seconds</msg>
<status status="PASS" starttime="20230501 17:30:51.745" endtime="20230501 17:30:54.748"/>
</kw>
<kw name="Page Should Contain Element" library="SeleniumLibrary">
<arg>xpath://a[.='Input Form Submit']</arg>
<doc>Verifies that element ``locator`` is found on the current page.</doc>
<msg timestamp="20230501 17:32:01.551" level="INFO">Current page contains element 'xpath://a[.='Input Form Submit']'.</msg>
<status status="PASS" starttime="20230501 17:30:54.749" endtime="20230501 17:32:01.551"/>
</kw>
<kw name="Click Link" library="SeleniumLibrary">
<arg>${SubmitButton}</arg>
<doc>Clicks a link identified by ``locator``.</doc>
<msg timestamp="20230501 17:32:01.554" level="INFO">Clicking link 'xpath=//a[.='Input Form Submit']'.</msg>
<status status="PASS" starttime="20230501 17:32:01.552" endtime="20230501 17:32:03.732"/>
</kw>
<kw name="Page Should Contain Element" library="SeleniumLibrary">
<arg>${Name}</arg>
<doc>Verifies that element ``locator`` is found on the current page.</doc>
<msg timestamp="20230501 17:32:04.118" level="INFO">Current page contains element 'name:name'.</msg>
<status status="PASS" starttime="20230501 17:32:03.732" endtime="20230501 17:32:04.118"/>
</kw>
<kw name="Input Text" library="SeleniumLibrary">
<arg>${Name}</arg>
<arg>TestName</arg>
<doc>Types the given ``text`` into the text field identified by ``locator``.</doc>
<msg timestamp="20230501 17:32:04.121" level="INFO">Typing text 'TestName' into text field 'name:name'.</msg>
<status status="PASS" starttime="20230501 17:32:04.119" endtime="20230501 17:32:05.024"/>
</kw>
<kw name="Sleep" library="BuiltIn">
<arg>5</arg>
<doc>Pauses the test executed for the given time.</doc>
<msg timestamp="20230501 17:32:10.026" level="INFO">Slept 5 seconds</msg>
<status status="PASS" starttime="20230501 17:32:05.024" endtime="20230501 17:32:10.026"/>
</kw>
<kw name="Input Text" library="SeleniumLibrary">
<arg>${email}</arg>
<arg>testing@gmail.com</arg>
<doc>Types the given ``text`` into the text field identified by ``locator``.</doc>
<msg timestamp="20230501 17:32:10.027" level="INFO">Typing text 'testing@gmail.com' into text field 'id:inputEmail4'.</msg>
<status status="PASS" starttime="20230501 17:32:10.026" endtime="20230501 17:32:10.785"/>
</kw>
<kw name="Input Text" library="SeleniumLibrary">
<arg>${passwd}</arg>
<arg>Password1</arg>
<doc>Types the given ``text`` into the text field identified by ``locator``.</doc>
<msg timestamp="20230501 17:32:10.786" level="INFO">Typing text 'Password1' into text field '//input[@name='password']'.</msg>
<status status="PASS" starttime="20230501 17:32:10.786" endtime="20230501 17:32:11.517"/>
</kw>
<kw name="Input Text" library="SeleniumLibrary">
<arg>${company}</arg>
<arg>LambdaTest</arg>
<doc>Types the given ``text`` into the text field identified by ``locator``.</doc>
<msg timestamp="20230501 17:32:11.518" level="INFO">Typing text 'LambdaTest' into text field '//input[@id='company']'.</msg>
<status status="PASS" starttime="20230501 17:32:11.517" endtime="20230501 17:32:12.202"/>
</kw>
<kw name="Input Text" library="SeleniumLibrary">
<arg>${website}</arg>
<arg>https://wwww.lambdatest.com</arg>
<doc>Types the given ``text`` into the text field identified by ``locator``.</doc>
<msg timestamp="20230501 17:32:12.203" level="INFO">Typing text 'https://wwww.lambdatest.com' into text field 'css=#websitename'.</msg>
<status status="PASS" starttime="20230501 17:32:12.202" endtime="20230501 17:32:12.896"/>
</kw>
<kw name="Select From List By Value" library="SeleniumLibrary">
<arg>${country}</arg>
<arg>US</arg>
<doc>Selects options from selection list ``locator`` by ``values``.</doc>
<msg timestamp="20230501 17:32:12.897" level="INFO">Selecting options from selection list 'name:country' by value US.</msg>
<status status="PASS" starttime="20230501 17:32:12.896" endtime="20230501 17:32:14.954"/>
</kw>
<kw name="Input Text" library="SeleniumLibrary">
<arg>${city}</arg>
<arg>San Jose</arg>
<doc>Types the given ``text`` into the text field identified by ``locator``.</doc>
<msg timestamp="20230501 17:32:14.956" level="INFO">Typing text 'San Jose' into text field '//input[@id='inputCity']'.</msg>
<status status="PASS" starttime="20230501 17:32:14.955" endtime="20230501 17:32:15.669"/>
</kw>
<kw name="Input Text" library="SeleniumLibrary">
<arg>${address1}</arg>
<arg>Googleplex, 1600 Amphitheatre Pkwy</arg>
<doc>Types the given ``text`` into the text field identified by ``locator``.</doc>
<msg timestamp="20230501 17:32:15.672" level="INFO">Typing text 'Googleplex, 1600 Amphitheatre Pkwy' into text field 'css=#inputZip'.</msg>
<status status="PASS" starttime="20230501 17:32:15.669" endtime="20230501 17:32:16.410"/>
</kw>
<kw name="Input Text" library="SeleniumLibrary">
<arg>${address2}</arg>
<arg>Mountain View, CA 94043</arg>
<doc>Types the given ``text`` into the text field identified by ``locator``.</doc>
<msg timestamp="20230501 17:32:16.411" level="INFO">Typing text 'Mountain View, CA 94043' into text field 'id:inputAddress2'.</msg>
<status status="PASS" starttime="20230501 17:32:16.410" endtime="20230501 17:32:17.116"/>
</kw>
<kw name="Input Text" library="SeleniumLibrary">
<arg>${state}</arg>
<arg>California</arg>
<doc>Types the given ``text`` into the text field identified by ``locator``.</doc>
<msg timestamp="20230501 17:32:17.118" level="INFO">Typing text 'California' into text field 'css=#inputState'.</msg>
<status status="PASS" starttime="20230501 17:32:17.117" endtime="20230501 17:32:17.774"/>
</kw>
<kw name="Input Text" library="SeleniumLibrary">
<arg>${city}</arg>
<arg>San Jose</arg>
<doc>Types the given ``text`` into the text field identified by ``locator``.</doc>
<msg timestamp="20230501 17:32:17.775" level="INFO">Typing text 'San Jose' into text field '//input[@id='inputCity']'.</msg>
<status status="PASS" starttime="20230501 17:32:17.775" endtime="20230501 17:32:18.467"/>
</kw>
<kw name="Input Text" library="SeleniumLibrary">
<arg>${address1}</arg>
<arg>94088</arg>
<doc>Types the given ``text`` into the text field identified by ``locator``.</doc>
<msg timestamp="20230501 17:32:18.470" level="INFO">Typing text '94088' into text field 'css=#inputZip'.</msg>
<status status="PASS" starttime="20230501 17:32:18.468" endtime="20230501 17:32:19.153"/>
</kw>
<kw name="Close test browser" library="Common" type="TEARDOWN">
<kw name="Run Keyword If" library="BuiltIn">
<arg>'${REMOTE_URL}' != ''</arg>
<arg>report lambdatest status</arg>
<arg>${TEST_NAME}</arg>
<arg>${TEST_STATUS}</arg>
<doc>Runs the given keyword with the given arguments, if ``condition`` is true.</doc>
<kw name="Report Lambdatest Status" library="LambdaTestStatus">
<arg>${TEST_NAME}</arg>
<arg>${TEST_STATUS}</arg>
<msg timestamp="20230501 17:32:19.158" level="INFO">Executing JavaScript:
lambda-status=passed
Without any arguments.</msg>
<msg timestamp="20230501 17:32:20.434" level="INFO">Executing JavaScript:
lambda-name=Example 2: [Playground] Parallel Testing with Robot framework
Without any arguments.</msg>
<status status="PASS" starttime="20230501 17:32:19.156" endtime="20230501 17:32:21.715"/>
</kw>
<status status="PASS" starttime="20230501 17:32:19.155" endtime="20230501 17:32:21.716"/>
</kw>
<kw name="Close Browser" library="SeleniumLibrary">
<doc>Closes the current browser.</doc>
<status status="PASS" starttime="20230501 17:32:21.716" endtime="20230501 17:32:22.478"/>
</kw>
<status status="PASS" starttime="20230501 17:32:19.154" endtime="20230501 17:32:22.479"/>
</kw>
<tag>Selenium Playground Automation</tag>
<timeout value="50 minutes"/>
<status status="PASS" starttime="20230501 17:30:16.969" endtime="20230501 17:32:22.479"/>
</test>
<status status="PASS" starttime="20230501 17:30:16.804" endtime="20230501 17:32:22.483"/>
</suite>
<suite id="s1-s2" name="Test Todo App" source="/Users/applemacbook_pro/Desktop/Junk/Push/Push2/parallel-testing-with-robot-framework/Tests/CloudGrid/test_todo_app.robot">
<test id="s1-s2-t1" name="Example 1: [ToDo] Parallel Testing with Robot framework">
<kw name="Open test browser" library="Common">
<arg>${site_url}</arg>
<arg>${BROWSER_1}</arg>
<arg>${CAPABILITIES_1}</arg>
<kw name="Open Browser" library="SeleniumLibrary">
<arg>${TEST_URL}</arg>
<arg>${BROWSER}</arg>
<arg>remote_url=${REMOTE_URL}</arg>
<arg>desired_capabilities=${CAPABILITIES}</arg>
<doc>Opens a new browser instance to the optional ``url``.</doc>
<msg timestamp="20230501 17:30:16.975" level="INFO">Opening browser 'Chrome' to base url 'https://lambdatest.github.io/sample-todo-app/' through remote server at 'http://himanshujlambdatest:Ia1MiqNfciCXfnPI8oWs6PL7u0bZ2NRqXd1nkB3HpzICma13D6@hub.lambdatest.com/wd/hub'.</msg>
<status status="PASS" starttime="20230501 17:30:16.974" endtime="20230501 17:30:36.389"/>
</kw>
<timeout value="50 minutes"/>
<status status="PASS" starttime="20230501 17:30:16.973" endtime="20230501 17:30:36.390"/>
</kw>
<kw name="Maximize Browser Window" library="SeleniumLibrary">
<doc>Maximizes current browser window.</doc>
<status status="PASS" starttime="20230501 17:30:36.391" endtime="20230501 17:30:36.902"/>
</kw>
<kw name="Sleep" library="BuiltIn">
<arg>3s</arg>
<doc>Pauses the test executed for the given time.</doc>
<msg timestamp="20230501 17:30:39.904" level="INFO">Slept 3 seconds</msg>
<status status="PASS" starttime="20230501 17:30:36.902" endtime="20230501 17:30:39.904"/>
</kw>
<kw name="Page Should Contain Element" library="SeleniumLibrary">
<arg>${FirstItem}</arg>
<doc>Verifies that element ``locator`` is found on the current page.</doc>
<msg timestamp="20230501 17:30:40.364" level="INFO">Current page contains element 'name:li1'.</msg>
<status status="PASS" starttime="20230501 17:30:39.904" endtime="20230501 17:30:40.364"/>
</kw>
<kw name="Page Should Contain Element" library="SeleniumLibrary">
<arg>${SecondItem}</arg>
<doc>Verifies that element ``locator`` is found on the current page.</doc>
<msg timestamp="20230501 17:30:40.606" level="INFO">Current page contains element 'name:li2'.</msg>
<status status="PASS" starttime="20230501 17:30:40.365" endtime="20230501 17:30:40.606"/>
</kw>
<kw name="Click Button" library="SeleniumLibrary">
<arg>${FirstItem}</arg>
<doc>Clicks the button identified by ``locator``.</doc>
<msg timestamp="20230501 17:30:40.608" level="INFO">Clicking button 'name:li1'.</msg>
<status status="PASS" starttime="20230501 17:30:40.606" endtime="20230501 17:30:42.479"/>
</kw>
<kw name="Click Button" library="SeleniumLibrary">
<arg>${SecondItem}</arg>
<doc>Clicks the button identified by ``locator``.</doc>
<msg timestamp="20230501 17:30:42.482" level="INFO">Clicking button 'name:li2'.</msg>
<status status="PASS" starttime="20230501 17:30:42.481" endtime="20230501 17:30:44.231"/>
</kw>
<kw name="Input Text" library="SeleniumLibrary">
<arg>${ToDoText}</arg>
<arg>${NewItemText}</arg>
<doc>Types the given ``text`` into the text field identified by ``locator``.</doc>
<msg timestamp="20230501 17:30:44.234" level="INFO">Typing text 'Yey Let's add it to list' into text field 'id:sampletodotext'.</msg>
<status status="PASS" starttime="20230501 17:30:44.232" endtime="20230501 17:30:45.681"/>
</kw>
<kw name="Click Button" library="SeleniumLibrary">
<arg>${AddButton}</arg>
<doc>Clicks the button identified by ``locator``.</doc>
<msg timestamp="20230501 17:30:45.683" level="INFO">Clicking button 'id:addbutton'.</msg>
<status status="PASS" starttime="20230501 17:30:45.681" endtime="20230501 17:30:47.921"/>
</kw>
<kw name="Get Text" library="SeleniumLibrary">
<var>${response}</var>
<arg>${NewAdditionText}</arg>
<doc>Returns the text value of the element identified by ``locator``.</doc>
<msg timestamp="20230501 17:30:50.463" level="INFO">${response} = Yey Let's add it to list</msg>
<status status="PASS" starttime="20230501 17:30:47.921" endtime="20230501 17:30:50.463"/>
</kw>
<kw name="Should Be Equal As Strings" library="BuiltIn">
<arg>${response}</arg>
<arg>${NewItemText}</arg>
<doc>Fails if objects are unequal after converting them to strings.</doc>
<status status="PASS" starttime="20230501 17:30:50.464" endtime="20230501 17:30:50.466"/>
</kw>
<kw name="Close test browser" library="Common" type="TEARDOWN">
<kw name="Run Keyword If" library="BuiltIn">
<arg>'${REMOTE_URL}' != ''</arg>
<arg>report lambdatest status</arg>
<arg>${TEST_NAME}</arg>
<arg>${TEST_STATUS}</arg>
<doc>Runs the given keyword with the given arguments, if ``condition`` is true.</doc>
<kw name="Report Lambdatest Status" library="LambdaTestStatus">
<arg>${TEST_NAME}</arg>
<arg>${TEST_STATUS}</arg>
<msg timestamp="20230501 17:30:50.470" level="INFO">Executing JavaScript:
lambda-status=passed
Without any arguments.</msg>
<msg timestamp="20230501 17:30:52.139" level="INFO">Executing JavaScript:
lambda-name=Example 1: [ToDo] Parallel Testing with Robot framework
Without any arguments.</msg>
<status status="PASS" starttime="20230501 17:30:50.468" endtime="20230501 17:30:54.138"/>
</kw>
<status status="PASS" starttime="20230501 17:30:50.467" endtime="20230501 17:30:54.139"/>
</kw>
<kw name="Close Browser" library="SeleniumLibrary">
<doc>Closes the current browser.</doc>
<status status="PASS" starttime="20230501 17:30:54.139" endtime="20230501 17:30:56.885"/>
</kw>
<status status="PASS" starttime="20230501 17:30:50.467" endtime="20230501 17:30:56.885"/>
</kw>
<tag>ToDo App Automation - 1</tag>
<timeout value="50 minutes"/>
<status status="PASS" starttime="20230501 17:30:16.972" endtime="20230501 17:30:56.885"/>
</test>
<test id="s1-s2-t2" name="Example 2: [ToDo] Parallel Testing with Robot framework">
<kw name="Open test browser" library="Common">
<arg>${site_url}</arg>
<arg>${BROWSER_2}</arg>
<arg>${CAPABILITIES_2}</arg>
<kw name="Open Browser" library="SeleniumLibrary">
<arg>${TEST_URL}</arg>
<arg>${BROWSER}</arg>
<arg>remote_url=${REMOTE_URL}</arg>
<arg>desired_capabilities=${CAPABILITIES}</arg>
<doc>Opens a new browser instance to the optional ``url``.</doc>
<msg timestamp="20230501 17:30:16.981" level="INFO">Opening browser 'Safari' to base url 'https://lambdatest.github.io/sample-todo-app/' through remote server at 'http://himanshujlambdatest:Ia1MiqNfciCXfnPI8oWs6PL7u0bZ2NRqXd1nkB3HpzICma13D6@hub.lambdatest.com/wd/hub'.</msg>
<status status="PASS" starttime="20230501 17:30:16.980" endtime="20230501 17:30:29.694"/>
</kw>
<timeout value="50 minutes"/>
<status status="PASS" starttime="20230501 17:30:16.979" endtime="20230501 17:30:29.695"/>
</kw>
<kw name="Maximize Browser Window" library="SeleniumLibrary">
<doc>Maximizes current browser window.</doc>
<status status="PASS" starttime="20230501 17:30:29.696" endtime="20230501 17:30:44.231"/>
</kw>
<kw name="Sleep" library="BuiltIn">
<arg>3s</arg>
<doc>Pauses the test executed for the given time.</doc>
<msg timestamp="20230501 17:30:47.234" level="INFO">Slept 3 seconds</msg>
<status status="PASS" starttime="20230501 17:30:44.232" endtime="20230501 17:30:47.234"/>
</kw>
<kw name="Page Should Contain Element" library="SeleniumLibrary">
<arg>${FirstItem}</arg>
<doc>Verifies that element ``locator`` is found on the current page.</doc>
<msg timestamp="20230501 17:30:47.920" level="INFO">Current page contains element 'name:li1'.</msg>
<status status="PASS" starttime="20230501 17:30:47.235" endtime="20230501 17:30:47.921"/>
</kw>
<kw name="Page Should Contain Element" library="SeleniumLibrary">
<arg>${SecondItem}</arg>
<doc>Verifies that element ``locator`` is found on the current page.</doc>
<msg timestamp="20230501 17:30:50.184" level="INFO">Current page contains element 'name:li2'.</msg>
<status status="PASS" starttime="20230501 17:30:47.921" endtime="20230501 17:30:50.184"/>
</kw>
<kw name="Page Should Contain Element" library="SeleniumLibrary">
<arg>${FifthItem}</arg>
<doc>Verifies that element ``locator`` is found on the current page.</doc>
<msg timestamp="20230501 17:30:50.462" level="INFO">Current page contains element 'name:li5'.</msg>
<status status="PASS" starttime="20230501 17:30:50.185" endtime="20230501 17:30:50.463"/>
</kw>
<kw name="Click Button" library="SeleniumLibrary">
<arg>${FirstItem}</arg>
<doc>Clicks the button identified by ``locator``.</doc>
<msg timestamp="20230501 17:30:50.466" level="INFO">Clicking button 'name:li1'.</msg>
<status status="PASS" starttime="20230501 17:30:50.464" endtime="20230501 17:30:52.516"/>
</kw>
<kw name="Click Button" library="SeleniumLibrary">
<arg>${SecondItem}</arg>
<doc>Clicks the button identified by ``locator``.</doc>
<msg timestamp="20230501 17:30:52.518" level="INFO">Clicking button 'name:li2'.</msg>
<status status="PASS" starttime="20230501 17:30:52.516" endtime="20230501 17:30:54.138"/>
</kw>
<kw name="Click Button" library="SeleniumLibrary">
<arg>${FifthItem}</arg>
<doc>Clicks the button identified by ``locator``.</doc>
<msg timestamp="20230501 17:30:54.140" level="INFO">Clicking button 'name:li5'.</msg>
<status status="PASS" starttime="20230501 17:30:54.138" endtime="20230501 17:30:58.138"/>
</kw>
<kw name="Input Text" library="SeleniumLibrary">
<arg>${ToDoText}</arg>
<arg>${NewItemText}</arg>
<doc>Types the given ``text`` into the text field identified by ``locator``.</doc>
<msg timestamp="20230501 17:30:58.143" level="INFO">Typing text 'Yey Let's add it to list' into text field 'id:sampletodotext'.</msg>
<status status="PASS" starttime="20230501 17:30:58.140" endtime="20230501 17:31:01.436"/>
</kw>
<kw name="Click Button" library="SeleniumLibrary">
<arg>${AddButton}</arg>
<doc>Clicks the button identified by ``locator``.</doc>
<msg timestamp="20230501 17:31:01.439" level="INFO">Clicking button 'id:addbutton'.</msg>
<status status="PASS" starttime="20230501 17:31:01.437" endtime="20230501 17:31:07.112"/>
</kw>
<kw name="Get Text" library="SeleniumLibrary">
<var>${response}</var>
<arg>${NewAdditionText}</arg>
<doc>Returns the text value of the element identified by ``locator``.</doc>
<msg timestamp="20230501 17:31:10.970" level="INFO">${response} = Yey Let's add it to list</msg>
<status status="PASS" starttime="20230501 17:31:07.113" endtime="20230501 17:31:10.970"/>
</kw>
<kw name="Should Be Equal As Strings" library="BuiltIn">
<arg>${response}</arg>
<arg>${NewItemText}</arg>
<doc>Fails if objects are unequal after converting them to strings.</doc>
<status status="PASS" starttime="20230501 17:31:10.971" endtime="20230501 17:31:10.973"/>
</kw>
<kw name="Close test browser" library="Common" type="TEARDOWN">
<kw name="Run Keyword If" library="BuiltIn">
<arg>'${REMOTE_URL}' != ''</arg>
<arg>report lambdatest status</arg>
<arg>${TEST_NAME}</arg>
<arg>${TEST_STATUS}</arg>
<doc>Runs the given keyword with the given arguments, if ``condition`` is true.</doc>
<kw name="Report Lambdatest Status" library="LambdaTestStatus">
<arg>${TEST_NAME}</arg>
<arg>${TEST_STATUS}</arg>
<msg timestamp="20230501 17:31:10.976" level="INFO">Executing JavaScript:
lambda-status=passed
Without any arguments.</msg>
<msg timestamp="20230501 17:31:19.864" level="INFO">Executing JavaScript:
lambda-name=Example 2: [ToDo] Parallel Testing with Robot framework
Without any arguments.</msg>
<status status="PASS" starttime="20230501 17:31:10.975" endtime="20230501 17:31:21.309"/>
</kw>
<status status="PASS" starttime="20230501 17:31:10.974" endtime="20230501 17:31:21.310"/>
</kw>
<kw name="Close Browser" library="SeleniumLibrary">
<doc>Closes the current browser.</doc>
<status status="PASS" starttime="20230501 17:31:21.310" endtime="20230501 17:31:21.731"/>
</kw>
<status status="PASS" starttime="20230501 17:31:10.973" endtime="20230501 17:31:21.732"/>
</kw>
<tag>ToDo App Automation - 2</tag>
<timeout value="50 minutes"/>
<status status="PASS" starttime="20230501 17:30:16.978" endtime="20230501 17:31:21.732"/>
</test>
<status status="PASS" starttime="20230501 17:30:16.816" endtime="20230501 17:31:21.734"/>
</suite>
<doc>[https://pabot.org/?ref=log|Pabot] result from 3 executions.</doc>
<status status="PASS" starttime="20230501 17:30:16.786" endtime="20230501 17:32:22.485"/>
</suite>
<statistics>
<total>
<stat pass="3" fail="0" skip="0">All Tests</stat>
</total>
<tag>
<stat pass="1" fail="0" skip="0">Selenium Playground Automation</stat>
<stat pass="1" fail="0" skip="0">ToDo App Automation - 1</stat>
<stat pass="1" fail="0" skip="0">ToDo App Automation - 2</stat>
</tag>
<suite>
<stat pass="3" fail="0" skip="0" id="s1" name="CloudGrid">CloudGrid</stat>
<stat pass="1" fail="0" skip="0" id="s1-s1" name="Test Sel Playground">CloudGrid.Test Sel Playground</stat>
<stat pass="2" fail="0" skip="0" id="s1-s2" name="Test Todo App">CloudGrid.Test Todo App</stat>
</suite>
</statistics>
<errors>
</errors>
</robot>
