<?xml version="1.0" encoding="UTF-8"?>
<robot generator="Rebot 4.1.2 (Python 3.9.7 on darwin)" generated="20230501 12:03:21.657" rpa="false" schemaversion="2">
<suite id="s1" name="Tests" source="/Users/applemacbook_pro/Desktop/Junk/pabot/parallel-testing-with-robot-framework/Tests">
<suite id="s1-s1" name="Test Sel Playground" source="/Users/applemacbook_pro/Desktop/Junk/pabot/parallel-testing-with-robot-framework/Tests/test_sel_playground.robot">
<test id="s1-s1-t1" name="Example 2: [Playground] Parallel Testing with Robot framework">
<kw name="Open test browser" library="Common">
<arg>${site_url}</arg>
<arg>${BROWSER}</arg>
<arg>${CAPABILITIES}</arg>
<kw name="Open Browser" library="SeleniumLibrary">
<arg>${TEST_URL}</arg>
<arg>${BROWSER}</arg>
<arg>remote_url=${REMOTE_URL}</arg>
<arg>desired_capabilities=${CAPABILITIES}</arg>
<doc>Opens a new browser instance to the optional ``url``.</doc>
<msg timestamp="20230501 12:02:49.746" level="INFO">Opening browser 'Firefox' to base url 'https://www.lambdatest.com/selenium-playground/' through remote server at 'http://himanshujlambdatest:Ia1MiqNfciCXfnPI8oWs6PL7u0bZ2NRqXd1nkB3HpzICma13D6@hub.lambdatest.com/wd/hub'.</msg>
<status status="PASS" starttime="20230501 12:02:49.745" endtime="20230501 12:02:56.811"/>
</kw>
<timeout value="50 minutes"/>
<status status="PASS" starttime="20230501 12:02:49.744" endtime="20230501 12:02:56.812"/>
</kw>
<kw name="Page Should Contain Element" library="SeleniumLibrary">
<arg>xpath://a[.='Input Form Submit']</arg>
<doc>Verifies that element ``locator`` is found on the current page.</doc>
<msg timestamp="20230501 12:02:57.047" level="INFO">Current page contains element 'xpath://a[.='Input Form Submit']'.</msg>
<status status="PASS" starttime="20230501 12:02:56.812" endtime="20230501 12:02:57.048"/>
</kw>
<kw name="Click Link" library="SeleniumLibrary">
<arg>${SubmitButton}</arg>
<doc>Clicks a link identified by ``locator``.</doc>
<msg timestamp="20230501 12:02:57.050" level="INFO">Clicking link 'xpath=//a[.='Input Form Submit']'.</msg>
<status status="PASS" starttime="20230501 12:02:57.048" endtime="20230501 12:02:58.077"/>
</kw>
<kw name="Page Should Contain Element" library="SeleniumLibrary">
<arg>${Name}</arg>
<doc>Verifies that element ``locator`` is found on the current page.</doc>
<msg timestamp="20230501 12:02:58.456" level="INFO">Current page contains element 'name:name'.</msg>
<status status="PASS" starttime="20230501 12:02:58.077" endtime="20230501 12:02:58.456"/>
</kw>
<kw name="Input Text" library="SeleniumLibrary">
<arg>${Name}</arg>
<arg>TestName</arg>
<doc>Types the given ``text`` into the text field identified by ``locator``.</doc>
<msg timestamp="20230501 12:02:58.458" level="INFO">Typing text 'TestName' into text field 'name:name'.</msg>
<status status="PASS" starttime="20230501 12:02:58.456" endtime="20230501 12:02:59.217"/>
</kw>
<kw name="Sleep" library="BuiltIn">
<arg>5</arg>
<doc>Pauses the test executed for the given time.</doc>
<msg timestamp="20230501 12:03:04.220" level="INFO">Slept 5 seconds</msg>
<status status="PASS" starttime="20230501 12:02:59.218" endtime="20230501 12:03:04.220"/>
</kw>
<kw name="Input Text" library="SeleniumLibrary">
<arg>${email}</arg>
<arg>testing@gmail.com</arg>
<doc>Types the given ``text`` into the text field identified by ``locator``.</doc>
<msg timestamp="20230501 12:03:04.221" level="INFO">Typing text 'testing@gmail.com' into text field 'id:inputEmail4'.</msg>
<status status="PASS" starttime="20230501 12:03:04.220" endtime="20230501 12:03:04.960"/>
</kw>
<kw name="Input Text" library="SeleniumLibrary">
<arg>${passwd}</arg>
<arg>Password1</arg>
<doc>Types the given ``text`` into the text field identified by ``locator``.</doc>
<msg timestamp="20230501 12:03:04.962" level="INFO">Typing text 'Password1' into text field '//input[@name='password']'.</msg>
<status status="PASS" starttime="20230501 12:03:04.961" endtime="20230501 12:03:05.627"/>
</kw>
<kw name="Input Text" library="SeleniumLibrary">
<arg>${company}</arg>
<arg>LambdaTest</arg>
<doc>Types the given ``text`` into the text field identified by ``locator``.</doc>
<msg timestamp="20230501 12:03:05.629" level="INFO">Typing text 'LambdaTest' into text field '//input[@id='company']'.</msg>
<status status="PASS" starttime="20230501 12:03:05.627" endtime="20230501 12:03:06.316"/>
</kw>
<kw name="Input Text" library="SeleniumLibrary">
<arg>${website}</arg>
<arg>https://wwww.lambdatest.com</arg>
<doc>Types the given ``text`` into the text field identified by ``locator``.</doc>
<msg timestamp="20230501 12:03:06.317" level="INFO">Typing text 'https://wwww.lambdatest.com' into text field 'css=#websitename'.</msg>
<status status="PASS" starttime="20230501 12:03:06.316" endtime="20230501 12:03:07.035"/>
</kw>
<kw name="Select From List By Value" library="SeleniumLibrary">
<arg>${country}</arg>
<arg>US</arg>
<doc>Selects options from selection list ``locator`` by ``values``.</doc>
<msg timestamp="20230501 12:03:07.036" level="INFO">Selecting options from selection list 'name:country' by value US.</msg>
<status status="PASS" starttime="20230501 12:03:07.036" endtime="20230501 12:03:09.097"/>
</kw>
<kw name="Input Text" library="SeleniumLibrary">
<arg>${city}</arg>
<arg>San Jose</arg>
<doc>Types the given ``text`` into the text field identified by ``locator``.</doc>
<msg timestamp="20230501 12:03:09.101" level="INFO">Typing text 'San Jose' into text field '//input[@id='inputCity']'.</msg>
<status status="PASS" starttime="20230501 12:03:09.098" endtime="20230501 12:03:09.797"/>
</kw>
<kw name="Input Text" library="SeleniumLibrary">
<arg>${address1}</arg>
<arg>Googleplex, 1600 Amphitheatre Pkwy</arg>
<doc>Types the given ``text`` into the text field identified by ``locator``.</doc>
<msg timestamp="20230501 12:03:09.798" level="INFO">Typing text 'Googleplex, 1600 Amphitheatre Pkwy' into text field 'css=#inputZip'.</msg>
<status status="PASS" starttime="20230501 12:03:09.797" endtime="20230501 12:03:10.487"/>
</kw>
<kw name="Input Text" library="SeleniumLibrary">
<arg>${address2}</arg>
<arg>Mountain View, CA 94043</arg>
<doc>Types the given ``text`` into the text field identified by ``locator``.</doc>
<msg timestamp="20230501 12:03:10.488" level="INFO">Typing text 'Mountain View, CA 94043' into text field 'id:inputAddress2'.</msg>
<status status="PASS" starttime="20230501 12:03:10.488" endtime="20230501 12:03:11.157"/>
</kw>
<kw name="Input Text" library="SeleniumLibrary">
<arg>${state}</arg>
<arg>California</arg>
<doc>Types the given ``text`` into the text field identified by ``locator``.</doc>
<msg timestamp="20230501 12:03:11.159" level="INFO">Typing text 'California' into text field 'css=#inputState'.</msg>
<status status="PASS" starttime="20230501 12:03:11.157" endtime="20230501 12:03:11.856"/>
</kw>
<kw name="Input Text" library="SeleniumLibrary">
<arg>${city}</arg>
<arg>San Jose</arg>
<doc>Types the given ``text`` into the text field identified by ``locator``.</doc>
<msg timestamp="20230501 12:03:11.858" level="INFO">Typing text 'San Jose' into text field '//input[@id='inputCity']'.</msg>
<status status="PASS" starttime="20230501 12:03:11.857" endtime="20230501 12:03:12.538"/>
</kw>
<kw name="Input Text" library="SeleniumLibrary">
<arg>${address1}</arg>
<arg>94088</arg>
<doc>Types the given ``text`` into the text field identified by ``locator``.</doc>
<msg timestamp="20230501 12:03:12.540" level="INFO">Typing text '94088' into text field 'css=#inputZip'.</msg>
<status status="PASS" starttime="20230501 12:03:12.539" endtime="20230501 12:03:13.362"/>
</kw>
<kw name="Close test browser" library="Common" type="TEARDOWN">
<kw name="Run Keyword If" library="BuiltIn">
<arg>'${REMOTE_URL}' != ''</arg>
<arg>report lambdatest status</arg>
<arg>${TEST_NAME}</arg>
<arg>${TEST_STATUS}</arg>
<doc>Runs the given keyword with the given arguments, if ``condition`` is true.</doc>
<kw name="Report Lambdatest Status" library="LambdaTestStatus">
<arg>${TEST_NAME}</arg>
<arg>${TEST_STATUS}</arg>
<msg timestamp="20230501 12:03:13.367" level="INFO">Executing JavaScript:
lambda-status=passed
Without any arguments.</msg>
<msg timestamp="20230501 12:03:14.630" level="INFO">Executing JavaScript:
lambda-name=Example 2: [Playground] Parallel Testing with Robot framework
Without any arguments.</msg>
<status status="PASS" starttime="20230501 12:03:13.366" endtime="20230501 12:03:15.896"/>
</kw>
<status status="PASS" starttime="20230501 12:03:13.365" endtime="20230501 12:03:15.896"/>
</kw>
<kw name="Close Browser" library="SeleniumLibrary">
<doc>Closes the current browser.</doc>
<status status="PASS" starttime="20230501 12:03:15.897" endtime="20230501 12:03:16.636"/>
</kw>
<status status="PASS" starttime="20230501 12:03:13.364" endtime="20230501 12:03:16.636"/>
</kw>
<tag>Selenium Playground Automation</tag>
<timeout value="50 minutes"/>
<status status="PASS" starttime="20230501 12:02:49.744" endtime="20230501 12:03:16.637"/>
</test>
<status status="PASS" starttime="20230501 12:02:49.452" endtime="20230501 12:03:16.639"/>
</suite>
<suite id="s1-s2" name="Test Todo App" source="/Users/applemacbook_pro/Desktop/Junk/pabot/parallel-testing-with-robot-framework/Tests/test_todo_app.robot">
<test id="s1-s2-t1" name="Example 1: [ToDo] Parallel Testing with Robot framework">
<kw name="Open test browser" library="Common">
<arg>${site_url}</arg>
<arg>${BROWSER_1}</arg>
<arg>${CAPABILITIES_1}</arg>
<kw name="Open Browser" library="SeleniumLibrary">
<arg>${TEST_URL}</arg>
<arg>${BROWSER}</arg>
<arg>remote_url=${REMOTE_URL}</arg>
<arg>desired_capabilities=${CAPABILITIES}</arg>
<doc>Opens a new browser instance to the optional ``url``.</doc>
<msg timestamp="20230501 12:02:49.747" level="INFO">Opening browser 'Chrome' to base url 'https://lambdatest.github.io/sample-todo-app/' through remote server at 'http://himanshujlambdatest:Ia1MiqNfciCXfnPI8oWs6PL7u0bZ2NRqXd1nkB3HpzICma13D6@hub.lambdatest.com/wd/hub'.</msg>
<status status="PASS" starttime="20230501 12:02:49.746" endtime="20230501 12:02:57.813"/>
</kw>
<timeout value="50 minutes"/>
<status status="PASS" starttime="20230501 12:02:49.746" endtime="20230501 12:02:57.814"/>
</kw>
<kw name="Page Should Contain Element" library="SeleniumLibrary">
<arg>${FirstItem}</arg>
<doc>Verifies that element ``locator`` is found on the current page.</doc>
<msg timestamp="20230501 12:02:58.038" level="INFO">Current page contains element 'name:li1'.</msg>
<status status="PASS" starttime="20230501 12:02:57.814" endtime="20230501 12:02:58.039"/>
</kw>
<kw name="Page Should Contain Element" library="SeleniumLibrary">
<arg>${SecondItem}</arg>
<doc>Verifies that element ``locator`` is found on the current page.</doc>
<msg timestamp="20230501 12:02:58.443" level="INFO">Current page contains element 'name:li2'.</msg>
<status status="PASS" starttime="20230501 12:02:58.039" endtime="20230501 12:02:58.444"/>
</kw>
<kw name="Click Button" library="SeleniumLibrary">
<arg>${FirstItem}</arg>
<doc>Clicks the button identified by ``locator``.</doc>
<msg timestamp="20230501 12:02:58.446" level="INFO">Clicking button 'name:li1'.</msg>
<status status="PASS" starttime="20230501 12:02:58.444" endtime="20230501 12:02:59.267"/>
</kw>
<kw name="Click Button" library="SeleniumLibrary">
<arg>${SecondItem}</arg>
<doc>Clicks the button identified by ``locator``.</doc>
<msg timestamp="20230501 12:02:59.269" level="INFO">Clicking button 'name:li2'.</msg>
<status status="PASS" starttime="20230501 12:02:59.268" endtime="20230501 12:03:00.137"/>
</kw>
<kw name="Input Text" library="SeleniumLibrary">
<arg>${ToDoText}</arg>
<arg>${NewItemText}</arg>
<doc>Types the given ``text`` into the text field identified by ``locator``.</doc>
<msg timestamp="20230501 12:03:00.139" level="INFO">Typing text 'Yey Let's add it to list' into text field 'id:sampletodotext'.</msg>
<status status="PASS" starttime="20230501 12:03:00.137" endtime="20230501 12:03:01.296"/>
</kw>
<kw name="Click Button" library="SeleniumLibrary">
<arg>${AddButton}</arg>
<doc>Clicks the button identified by ``locator``.</doc>
<msg timestamp="20230501 12:03:01.297" level="INFO">Clicking button 'id:addbutton'.</msg>
<status status="PASS" starttime="20230501 12:03:01.296" endtime="20230501 12:03:02.421"/>
</kw>
<kw name="Get Text" library="SeleniumLibrary">
<var>${response}</var>
<arg>${NewAdditionText}</arg>
<doc>Returns the text value of the element identified by ``locator``.</doc>
<msg timestamp="20230501 12:03:03.206" level="INFO">${response} = Yey Let's add it to list</msg>
<status status="PASS" starttime="20230501 12:03:02.421" endtime="20230501 12:03:03.207"/>
</kw>
<kw name="Should Be Equal As Strings" library="BuiltIn">
<arg>${response}</arg>
<arg>${NewItemText}</arg>
<doc>Fails if objects are unequal after converting them to strings.</doc>
<status status="PASS" starttime="20230501 12:03:03.207" endtime="20230501 12:03:03.208"/>
</kw>
<kw name="Close test browser" library="Common" type="TEARDOWN">
<kw name="Run Keyword If" library="BuiltIn">
<arg>'${REMOTE_URL}' != ''</arg>
<arg>report lambdatest status</arg>
<arg>${TEST_NAME}</arg>
<arg>${TEST_STATUS}</arg>
<doc>Runs the given keyword with the given arguments, if ``condition`` is true.</doc>
<kw name="Report Lambdatest Status" library="LambdaTestStatus">
<arg>${TEST_NAME}</arg>
<arg>${TEST_STATUS}</arg>
<msg timestamp="20230501 12:03:03.212" level="INFO">Executing JavaScript:
lambda-status=passed
Without any arguments.</msg>
<msg timestamp="20230501 12:03:04.862" level="INFO">Executing JavaScript:
lambda-name=Example 1: [ToDo] Parallel Testing with Robot framework
Without any arguments.</msg>
<status status="PASS" starttime="20230501 12:03:03.210" endtime="20230501 12:03:06.131"/>
</kw>
<status status="PASS" starttime="20230501 12:03:03.209" endtime="20230501 12:03:06.132"/>
</kw>
<kw name="Close Browser" library="SeleniumLibrary">
<doc>Closes the current browser.</doc>
<status status="PASS" starttime="20230501 12:03:06.133" endtime="20230501 12:03:06.669"/>
</kw>
<status status="PASS" starttime="20230501 12:03:03.208" endtime="20230501 12:03:06.670"/>
</kw>
<tag>ToDo App Automation - 1</tag>
<timeout value="50 minutes"/>
<status status="PASS" starttime="20230501 12:02:49.745" endtime="20230501 12:03:06.670"/>
</test>
<test id="s1-s2-t2" name="Example 2: [ToDo] Parallel Testing with Robot framework">
<kw name="Open test browser" library="Common">
<arg>${site_url}</arg>
<arg>${BROWSER_2}</arg>
<arg>${CAPABILITIES_2}</arg>
<kw name="Open Browser" library="SeleniumLibrary">
<arg>${TEST_URL}</arg>
<arg>${BROWSER}</arg>
<arg>remote_url=${REMOTE_URL}</arg>
<arg>desired_capabilities=${CAPABILITIES}</arg>
<doc>Opens a new browser instance to the optional ``url``.</doc>
<msg timestamp="20230501 12:03:06.675" level="INFO">Opening browser 'Safari' to base url 'https://lambdatest.github.io/sample-todo-app/' through remote server at 'http://himanshujlambdatest:Ia1MiqNfciCXfnPI8oWs6PL7u0bZ2NRqXd1nkB3HpzICma13D6@hub.lambdatest.com/wd/hub'.</msg>
<status status="PASS" starttime="20230501 12:03:06.673" endtime="20230501 12:03:13.125"/>
</kw>
<timeout value="50 minutes"/>
<status status="PASS" starttime="20230501 12:03:06.672" endtime="20230501 12:03:13.126"/>
</kw>
<kw name="Page Should Contain Element" library="SeleniumLibrary">
<arg>${FirstItem}</arg>
<doc>Verifies that element ``locator`` is found on the current page.</doc>
<msg timestamp="20230501 12:03:13.508" level="INFO">Current page contains element 'name:li1'.</msg>
<status status="PASS" starttime="20230501 12:03:13.126" endtime="20230501 12:03:13.509"/>
</kw>
<kw name="Page Should Contain Element" library="SeleniumLibrary">
<arg>${SecondItem}</arg>
<doc>Verifies that element ``locator`` is found on the current page.</doc>
<msg timestamp="20230501 12:03:13.743" level="INFO">Current page contains element 'name:li2'.</msg>
<status status="PASS" starttime="20230501 12:03:13.509" endtime="20230501 12:03:13.743"/>
</kw>
<kw name="Page Should Contain Element" library="SeleniumLibrary">
<arg>${FifthItem}</arg>
<doc>Verifies that element ``locator`` is found on the current page.</doc>
<msg timestamp="20230501 12:03:13.975" level="INFO">Current page contains element 'name:li5'.</msg>
<status status="PASS" starttime="20230501 12:03:13.744" endtime="20230501 12:03:13.976"/>
</kw>
<kw name="Click Button" library="SeleniumLibrary">
<arg>${FirstItem}</arg>
<doc>Clicks the button identified by ``locator``.</doc>
<msg timestamp="20230501 12:03:13.980" level="INFO">Clicking button 'name:li1'.</msg>
<status status="PASS" starttime="20230501 12:03:13.977" endtime="20230501 12:03:14.663"/>
</kw>
<kw name="Click Button" library="SeleniumLibrary">
<arg>${SecondItem}</arg>
<doc>Clicks the button identified by ``locator``.</doc>
<msg timestamp="20230501 12:03:14.666" level="INFO">Clicking button 'name:li2'.</msg>
<status status="PASS" starttime="20230501 12:03:14.664" endtime="20230501 12:03:15.476"/>
</kw>
<kw name="Click Button" library="SeleniumLibrary">
<arg>${FifthItem}</arg>
<doc>Clicks the button identified by ``locator``.</doc>
<msg timestamp="20230501 12:03:15.479" level="INFO">Clicking button 'name:li5'.</msg>
<status status="PASS" starttime="20230501 12:03:15.476" endtime="20230501 12:03:16.172"/>
</kw>
<kw name="Input Text" library="SeleniumLibrary">
<arg>${ToDoText}</arg>
<arg>${NewItemText}</arg>
<doc>Types the given ``text`` into the text field identified by ``locator``.</doc>
<msg timestamp="20230501 12:03:16.174" level="INFO">Typing text 'Yey Let's add it to list' into text field 'id:sampletodotext'.</msg>
<status status="PASS" starttime="20230501 12:03:16.173" endtime="20230501 12:03:17.055"/>
</kw>
<kw name="Click Button" library="SeleniumLibrary">
<arg>${AddButton}</arg>
<doc>Clicks the button identified by ``locator``.</doc>
<msg timestamp="20230501 12:03:17.057" level="INFO">Clicking button 'id:addbutton'.</msg>
<status status="PASS" starttime="20230501 12:03:17.056" endtime="20230501 12:03:17.736"/>
</kw>
<kw name="Get Text" library="SeleniumLibrary">
<var>${response}</var>
<arg>${NewAdditionText}</arg>
<doc>Returns the text value of the element identified by ``locator``.</doc>
<msg timestamp="20230501 12:03:18.199" level="INFO">${response} = Yey Let's add it to list</msg>
<status status="PASS" starttime="20230501 12:03:17.736" endtime="20230501 12:03:18.199"/>
</kw>
<kw name="Should Be Equal As Strings" library="BuiltIn">
<arg>${response}</arg>
<arg>${NewItemText}</arg>
<doc>Fails if objects are unequal after converting them to strings.</doc>
<status status="PASS" starttime="20230501 12:03:18.199" endtime="20230501 12:03:18.201"/>
</kw>
<kw name="Close test browser" library="Common" type="TEARDOWN">
<kw name="Run Keyword If" library="BuiltIn">
<arg>'${REMOTE_URL}' != ''</arg>
<arg>report lambdatest status</arg>
<arg>${TEST_NAME}</arg>
<arg>${TEST_STATUS}</arg>
<doc>Runs the given keyword with the given arguments, if ``condition`` is true.</doc>
<kw name="Report Lambdatest Status" library="LambdaTestStatus">
<arg>${TEST_NAME}</arg>
<arg>${TEST_STATUS}</arg>
<msg timestamp="20230501 12:03:18.205" level="INFO">Executing JavaScript:
lambda-status=passed
Without any arguments.</msg>
<msg timestamp="20230501 12:03:19.435" level="INFO">Executing JavaScript:
lambda-name=Example 2: [ToDo] Parallel Testing with Robot framework
Without any arguments.</msg>
<status status="PASS" starttime="20230501 12:03:18.203" endtime="20230501 12:03:20.724"/>
</kw>
<status status="PASS" starttime="20230501 12:03:18.202" endtime="20230501 12:03:20.724"/>
</kw>
<kw name="Close Browser" library="SeleniumLibrary">
<doc>Closes the current browser.</doc>
<status status="PASS" starttime="20230501 12:03:20.725" endtime="20230501 12:03:21.356"/>
</kw>
<status status="PASS" starttime="20230501 12:03:18.201" endtime="20230501 12:03:21.357"/>
</kw>
<tag>ToDo App Automation - 2</tag>
<timeout value="50 minutes"/>
<status status="PASS" starttime="20230501 12:03:06.671" endtime="20230501 12:03:21.357"/>
</test>
<status status="PASS" starttime="20230501 12:02:49.452" endtime="20230501 12:03:21.359"/>
</suite>
<doc>[https://pabot.org/?ref=log|Pabot] result from 2 executions.</doc>
<status status="PASS" starttime="20230501 12:02:49.433" endtime="20230501 12:03:21.362"/>
</suite>
<statistics>
<total>
<stat pass="3" fail="0" skip="0">All Tests</stat>
</total>
<tag>
<stat pass="1" fail="0" skip="0">Selenium Playground Automation</stat>
<stat pass="1" fail="0" skip="0">ToDo App Automation - 1</stat>
<stat pass="1" fail="0" skip="0">ToDo App Automation - 2</stat>
</tag>
<suite>
<stat pass="3" fail="0" skip="0" id="s1" name="Tests">Tests</stat>
<stat pass="1" fail="0" skip="0" id="s1-s1" name="Test Sel Playground">Tests.Test Sel Playground</stat>
<stat pass="2" fail="0" skip="0" id="s1-s2" name="Test Todo App">Tests.Test Todo App</stat>
</suite>
</statistics>
<errors>
</errors>
</robot>
